Removed Pin From Net: NetName=GND Pin=J1-2
Removed Pin From Net: NetName=GND Pin=J1-3
Removed Pin From Net: NetName=NetC5_2 Pin=J1-4
Removed Pin From Net: NetName=NetC5_2 Pin=J1-5
Removed Pin From Net: NetName=NetC5_2 Pin=J1-6
Removed Pin From Net: NetName=GND Pin=J2-1
Removed Pin From Net: NetName=GND Pin=J2-2
Removed Pin From Net: NetName=GND Pin=J2-3
Removed Pin From Net: NetName=NetF-D1_1 Pin=J2-4
Removed Pin From Net: NetName=NetF-D1_1 Pin=J2-5
Removed Pin From Net: NetName=NetF-D1_1 Pin=J2-6
Change Component Footprint: Designator=J1 Old Footprint=HDR1X6 New Footprint=Terminal block - 2 ways
Change Component Footprint: Designator=J2 Old Footprint=HDR1X6 New Footprint=Terminal block-3way
Change Component Comment : Designator=J1 Old Comment=1_Chg New Comment=Terminal block
Change Component Comment : Designator=J2 Old Comment=2_Chg New Comment=Terminal block
Change Component Comment : Designator=C4 Old Comment=Capacitor NP New Comment=Capacitor/Bridge
Change Component Comment : Designator=C1 Old Comment=Capacitor NP New Comment=Capacitor
Change Component Comment : Designator=C2 Old Comment=Capacitor NP New Comment=Capacitor
Change Component Comment : Designator=C3 Old Comment=Capacitor NP New Comment=Capacitor
Change Component Comment : Designator=C5 Old Comment=Capacitor NP New Comment=Capacitor
Change Component Comment : Designator=C6 Old Comment=Capacitor NP New Comment=Capacitor
Change Component Comment : Designator=R6 Old Comment=Resistor generic New Comment=FB1
Change Component Comment : Designator=R8 Old Comment=Resistor generic New Comment=FB2
Change Component Designator: OldDesignator=J1 NewDesignator=J5
Change Component Designator: OldDesignator=J2 NewDesignator=J6
Added Component: Designator=P1(HDR1X4)
Add component. Clean all parameters for all variants
Add component (AddParameter): Name = "LatestRevisionDate"; Value = "17-Jul-2002"; VariantName = "[No Variations]"
Add component (AddParameter): Name = "LatestRevisionNote"; Value = "Re-released for DXP Platform."; VariantName = "[No Variations]"
Add component (AddParameter): Name = "Publisher"; Value = "Altium Limited"; VariantName = "[No Variations]"
Added Pin To Net: NetName=NetF-D1_1 Pin=J5-2
Added Pin To Net: NetName=NetC5_2 Pin=J6-1
Added Pin To Net: NetName=NetC5_2 Pin=J6-2
Added Pin To Net: NetName=NetC5_2 Pin=J6-3
Added Pin To Net: NetName=GND Pin=P1-4
Added Pin To Net: NetName=SCL Pin=P1-2
Added Net: Name=SCL
Added Pin To Net: NetName=SDA Pin=P1-3
Added Net: Name=SDA
Added Pin To Net: NetName=VCC Pin=P1-1
Added Net: Name=VCC
Added Member To Class: ClassName=MPPT charger Member=Component P1 Header 4
